2014-11-10 16:40:55 [main:0] - [ INFO] Root WebApplicationContext: initialization started
2014-11-10 16:40:55 [main:54] - [ INFO] Refreshing Root WebApplicationContext: startup date [Mon Nov 10 16:40:55 CST 2014]; root of context hierarchy
2014-11-10 16:40:55 [main:86] - [ INFO] Loading XML bean definitions from URL [file:/D:/WorkSoftwareTool/WebProject/SAE%20Test/ssh2/mydemo24/build/classes/spring.xml]
2014-11-10 16:40:55 [main:383] - [ INFO] Pre-instantiating singletons in org.springframework.beans.factory.support.DefaultListableBeanFactory@1976011: defining beans [dataSource,sessionFactory,hibernateTemplate,txManager,org.springframework.aop.config.internalAutoProxyCreator,org.springframework.transaction.annotation.AnnotationTransactionAttributeSource#0,org.springframework.transaction.interceptor.TransactionInterceptor#0,org.springframework.transaction.config.internalTransactionAdvisor,org.springframework.context.annotation.internalConfigurationAnnotationProcessor,org.springframework.context.annotation.internalAutowiredAnnotationProcessor,org.springframework.context.annotation.internalRequiredAnnotationProcessor,org.springframework.context.annotation.internalCommonAnnotationProcessor,org.springframework.context.annotation.internalPersistenceAnnotationProcessor,userDao,user,userService]; root of factory hierarchy
2014-11-10 16:40:56 [main:459] - [ INFO] Hibernate Annotations 3.5.5-Final
2014-11-10 16:40:56 [main:466] - [ INFO] Hibernate 3.5.5-Final
2014-11-10 16:40:56 [main:467] - [ INFO] hibernate.properties not found
2014-11-10 16:40:56 [main:469] - [ INFO] Bytecode provider name : javassist
2014-11-10 16:40:56 [main:471] - [ INFO] using JDK 1.4 java.sql.Timestamp handling
2014-11-10 16:40:56 [main:529] - [ INFO] Hibernate Commons Annotations 3.2.0.Final
2014-11-10 16:40:56 [main:564] - [ INFO] Binding entity from annotated class: cn.net.msg.model.User
2014-11-10 16:40:56 [main:585] - [ INFO] Bind entity cn.net.msg.model.User on table t_demo
2014-11-10 16:40:56 [main:613] - [ INFO] Hibernate Validator not found: ignoring
2014-11-10 16:40:56 [main:614] - [ INFO] Building new Hibernate SessionFactory
2014-11-10 16:40:56 [main:616] - [ INFO] Unable to find org.hibernate.search.event.FullTextIndexEventListener on the classpath. Hibernate Search is not enabled.
2014-11-10 16:40:56 [main:645] - [ INFO] Initializing connection provider: org.springframework.orm.hibernate3.LocalDataSourceConnectionProvider
2014-11-10 16:41:38 [main:42832] - [ WARN] SQL Error: 0, SQLState: null
2014-11-10 16:41:38 [main:42833] - [ERROR] Cannot create PoolableConnectionFactory (Communications link failure due to underlying exception: 

** BEGIN NESTED EXCEPTION ** 

java.net.ConnectException
MESSAGE: Connection timed out: connect

STACKTRACE:

java.net.ConnectException: Connection timed out: connect
	at java.net.PlainSocketImpl.socketConnect(Native Method)
	at java.net.PlainSocketImpl.doConnect(PlainSocketImpl.java:351)
	at java.net.PlainSocketImpl.connectToAddress(PlainSocketImpl.java:213)
	at java.net.PlainSocketImpl.connect(PlainSocketImpl.java:200)
	at java.net.SocksSocketImpl.connect(SocksSocketImpl.java:366)
	at java.net.Socket.connect(Socket.java:529)
	at java.net.Socket.connect(Socket.java:478)
	at java.net.Socket.<init>(Socket.java:375)
	at java.net.Socket.<init>(Socket.java:218)
	at com.mysql.jdbc.StandardSocketFactory.connect(StandardSocketFactory.java:256)
	at com.mysql.jdbc.MysqlIO.<init>(MysqlIO.java:271)
	at com.mysql.jdbc.Connection.createNewIO(Connection.java:2771)
	at com.mysql.jdbc.Connection.<init>(Connection.java:1555)
	at com.mysql.jdbc.NonRegisteringDriver.connect(NonRegisteringDriver.java:285)
	at org.apache.commons.dbcp.DriverConnectionFactory.createConnection(DriverConnectionFactory.java:38)
	at org.apache.commons.dbcp.PoolableConnectionFactory.makeObject(PoolableConnectionFactory.java:582)
	at org.apache.commons.dbcp.BasicDataSource.validateConnectionFactory(BasicDataSource.java:1556)
	at org.apache.commons.dbcp.BasicDataSource.createPoolableConnectionFactory(BasicDataSource.java:1545)
	at org.apache.commons.dbcp.BasicDataSource.createDataSource(BasicDataSource.java:1388)
	at org.apache.commons.dbcp.BasicDataSource.getConnection(BasicDataSource.java:1044)
	at org.springframework.orm.hibernate3.LocalDataSourceConnectionProvider.getConnection(LocalDataSourceConnectionProvider.java:81)
	at org.hibernate.cfg.SettingsFactory.buildSettings(SettingsFactory.java:114)
	at org.hibernate.cfg.Configuration.buildSettingsInternal(Configuration.java:2163)
	at org.hibernate.cfg.Configuration.buildSettings(Configuration.java:2159)
	at org.hibernate.cfg.Configuration.buildSessionFactory(Configuration.java:1383)
	at org.hibernate.cfg.AnnotationConfiguration.buildSessionFactory(AnnotationConfiguration.java:954)
	at org.springframework.orm.hibernate3.LocalSessionFactoryBean.newSessionFactory(LocalSessionFactoryBean.java:860)
	at org.springframework.orm.hibernate3.LocalSessionFactoryBean.buildSessionFactory(LocalSessionFactoryBean.java:779)
	at org.springframework.orm.hibernate3.AbstractSessionFactoryBean.afterPropertiesSet(AbstractSessionFactoryBean.java:211)
	at org.springframework.beans.factory.support.AbstractAutowireCapableBeanFactory.invokeInitMethods(AbstractAutowireCapableBeanFactory.java:1477)
	at org.springframework.beans.factory.support.AbstractAutowireCapableBeanFactory.initializeBean(AbstractAutowireCapableBeanFactory.java:1417)
	at org.springframework.beans.factory.support.AbstractAutowireCapableBeanFactory.doCreateBean(AbstractAutowireCapableBeanFactory.java:519)
	at org.springframework.beans.factory.support.AbstractAutowireCapableBeanFactory.createBean(AbstractAutowireCapableBeanFactory.java:456)
	at org.springframework.beans.factory.support.AbstractBeanFactory$1.getObject(AbstractBeanFactory.java:291)
	at org.springframework.beans.factory.support.DefaultSingletonBeanRegistry.getSingleton(DefaultSingletonBeanRegistry.java:222)
	at org.springframework.beans.factory.support.AbstractBeanFactory.doGetBean(AbstractBeanFactory.java:288)
	at org.springframework.beans.factory.support.AbstractBeanFactory.getBean(AbstractBeanFactory.java:190)
	at org.springframework.beans.factory.support.DefaultListableBeanFactory.preInstantiateSingletons(DefaultListableBeanFactory.java:563)
	at org.springframework.context.support.AbstractApplicationContext.finishBeanFactoryInitialization(AbstractApplicationContext.java:895)
	at org.springframework.context.support.AbstractApplicationContext.refresh(AbstractApplicationContext.java:425)
	at org.springframework.web.context.ContextLoader.createWebApplicationContext(ContextLoader.java:276)
	at org.springframework.web.context.ContextLoader.initWebApplicationContext(ContextLoader.java:197)
	at org.springframework.web.context.ContextLoaderListener.contextInitialized(ContextLoaderListener.java:47)
	at org.mortbay.jetty.handler.ContextHandler.startContext(ContextHandler.java:549)
	at org.mortbay.jetty.servlet.Context.startContext(Context.java:136)
	at org.mortbay.jetty.webapp.WebAppContext.startContext(WebAppContext.java:1282)
	at org.mortbay.jetty.handler.ContextHandler.doStart(ContextHandler.java:518)
	at org.mortbay.jetty.webapp.WebAppContext.doStart(WebAppContext.java:499)
	at org.mortbay.component.AbstractLifeCycle.start(AbstractLifeCycle.java:50)
	at org.mortbay.jetty.handler.HandlerWrapper.doStart(HandlerWrapper.java:130)
	at org.mortbay.jetty.Server.doStart(Server.java:224)
	at org.mortbay.component.AbstractLifeCycle.start(AbstractLifeCycle.java:50)
	at runjettyrun.Bootstrap.main(Bootstrap.java:82)


** END NESTED EXCEPTION **



Last packet sent to the server was 1 ms ago.)
2014-11-10 16:41:38 [main:42835] - [ WARN] Could not obtain connection to query metadata
org.apache.commons.dbcp.SQLNestedException: Cannot create PoolableConnectionFactory (Communications link failure due to underlying exception: 

** BEGIN NESTED EXCEPTION ** 

java.net.ConnectException
MESSAGE: Connection timed out: connect

STACKTRACE:

java.net.ConnectException: Connection timed out: connect
	at java.net.PlainSocketImpl.socketConnect(Native Method)
	at java.net.PlainSocketImpl.doConnect(PlainSocketImpl.java:351)
	at java.net.PlainSocketImpl.connectToAddress(PlainSocketImpl.java:213)
	at java.net.PlainSocketImpl.connect(PlainSocketImpl.java:200)
	at java.net.SocksSocketImpl.connect(SocksSocketImpl.java:366)
	at java.net.Socket.connect(Socket.java:529)
	at java.net.Socket.connect(Socket.java:478)
	at java.net.Socket.<init>(Socket.java:375)
	at java.net.Socket.<init>(Socket.java:218)
	at com.mysql.jdbc.StandardSocketFactory.connect(StandardSocketFactory.java:256)
	at com.mysql.jdbc.MysqlIO.<init>(MysqlIO.java:271)
	at com.mysql.jdbc.Connection.createNewIO(Connection.java:2771)
	at com.mysql.jdbc.Connection.<init>(Connection.java:1555)
	at com.mysql.jdbc.NonRegisteringDriver.connect(NonRegisteringDriver.java:285)
	at org.apache.commons.dbcp.DriverConnectionFactory.createConnection(DriverConnectionFactory.java:38)
	at org.apache.commons.dbcp.PoolableConnectionFactory.makeObject(PoolableConnectionFactory.java:582)
	at org.apache.commons.dbcp.BasicDataSource.validateConnectionFactory(BasicDataSource.java:1556)
	at org.apache.commons.dbcp.BasicDataSource.createPoolableConnectionFactory(BasicDataSource.java:1545)
	at org.apache.commons.dbcp.BasicDataSource.createDataSource(BasicDataSource.java:1388)
	at org.apache.commons.dbcp.BasicDataSource.getConnection(BasicDataSource.java:1044)
	at org.springframework.orm.hibernate3.LocalDataSourceConnectionProvider.getConnection(LocalDataSourceConnectionProvider.java:81)
	at org.hibernate.cfg.SettingsFactory.buildSettings(SettingsFactory.java:114)
	at org.hibernate.cfg.Configuration.buildSettingsInternal(Configuration.java:2163)
	at org.hibernate.cfg.Configuration.buildSettings(Configuration.java:2159)
	at org.hibernate.cfg.Configuration.buildSessionFactory(Configuration.java:1383)
	at org.hibernate.cfg.AnnotationConfiguration.buildSessionFactory(AnnotationConfiguration.java:954)
	at org.springframework.orm.hibernate3.LocalSessionFactoryBean.newSessionFactory(LocalSessionFactoryBean.java:860)
	at org.springframework.orm.hibernate3.LocalSessionFactoryBean.buildSessionFactory(LocalSessionFactoryBean.java:779)
	at org.springframework.orm.hibernate3.AbstractSessionFactoryBean.afterPropertiesSet(AbstractSessionFactoryBean.java:211)
	at org.springframework.beans.factory.support.AbstractAutowireCapableBeanFactory.invokeInitMethods(AbstractAutowireCapableBeanFactory.java:1477)
	at org.springframework.beans.factory.support.AbstractAutowireCapableBeanFactory.initializeBean(AbstractAutowireCapableBeanFactory.java:1417)
	at org.springframework.beans.factory.support.AbstractAutowireCapableBeanFactory.doCreateBean(AbstractAutowireCapableBeanFactory.java:519)
	at org.springframework.beans.factory.support.AbstractAutowireCapableBeanFactory.createBean(AbstractAutowireCapableBeanFactory.java:456)
	at org.springframework.beans.factory.support.AbstractBeanFactory$1.getObject(AbstractBeanFactory.java:291)
	at org.springframework.beans.factory.support.DefaultSingletonBeanRegistry.getSingleton(DefaultSingletonBeanRegistry.java:222)
	at org.springframework.beans.factory.support.AbstractBeanFactory.doGetBean(AbstractBeanFactory.java:288)
	at org.springframework.beans.factory.support.AbstractBeanFactory.getBean(AbstractBeanFactory.java:190)
	at org.springframework.beans.factory.support.DefaultListableBeanFactory.preInstantiateSingletons(DefaultListableBeanFactory.java:563)
	at org.springframework.context.support.AbstractApplicationContext.finishBeanFactoryInitialization(AbstractApplicationContext.java:895)
	at org.springframework.context.support.AbstractApplicationContext.refresh(AbstractApplicationContext.java:425)
	at org.springframework.web.context.ContextLoader.createWebApplicationContext(ContextLoader.java:276)
	at org.springframework.web.context.ContextLoader.initWebApplicationContext(ContextLoader.java:197)
	at org.springframework.web.context.ContextLoaderListener.contextInitialized(ContextLoaderListener.java:47)
	at org.mortbay.jetty.handler.ContextHandler.startContext(ContextHandler.java:549)
	at org.mortbay.jetty.servlet.Context.startContext(Context.java:136)
	at org.mortbay.jetty.webapp.WebAppContext.startContext(WebAppContext.java:1282)
	at org.mortbay.jetty.handler.ContextHandler.doStart(ContextHandler.java:518)
	at org.mortbay.jetty.webapp.WebAppContext.doStart(WebAppContext.java:499)
	at org.mortbay.component.AbstractLifeCycle.start(AbstractLifeCycle.java:50)
	at org.mortbay.jetty.handler.HandlerWrapper.doStart(HandlerWrapper.java:130)
	at org.mortbay.jetty.Server.doStart(Server.java:224)
	at org.mortbay.component.AbstractLifeCycle.start(AbstractLifeCycle.java:50)
	at runjettyrun.Bootstrap.main(Bootstrap.java:82)


** END NESTED EXCEPTION **



Last packet sent to the server was 1 ms ago.)
	at org.apache.commons.dbcp.BasicDataSource.createPoolableConnectionFactory(BasicDataSource.java:1549)
	at org.apache.commons.dbcp.BasicDataSource.createDataSource(BasicDataSource.java:1388)
	at org.apache.commons.dbcp.BasicDataSource.getConnection(BasicDataSource.java:1044)
	at org.springframework.orm.hibernate3.LocalDataSourceConnectionProvider.getConnection(LocalDataSourceConnectionProvider.java:81)
	at org.hibernate.cfg.SettingsFactory.buildSettings(SettingsFactory.java:114)
	at org.hibernate.cfg.Configuration.buildSettingsInternal(Configuration.java:2163)
	at org.hibernate.cfg.Configuration.buildSettings(Configuration.java:2159)
	at org.hibernate.cfg.Configuration.buildSessionFactory(Configuration.java:1383)
	at org.hibernate.cfg.AnnotationConfiguration.buildSessionFactory(AnnotationConfiguration.java:954)
	at org.springframework.orm.hibernate3.LocalSessionFactoryBean.newSessionFactory(LocalSessionFactoryBean.java:860)
	at org.springframework.orm.hibernate3.LocalSessionFactoryBean.buildSessionFactory(LocalSessionFactoryBean.java:779)
	at org.springframework.orm.hibernate3.AbstractSessionFactoryBean.afterPropertiesSet(AbstractSessionFactoryBean.java:211)
	at org.springframework.beans.factory.support.AbstractAutowireCapableBeanFactory.invokeInitMethods(AbstractAutowireCapableBeanFactory.java:1477)
	at org.springframework.beans.factory.support.AbstractAutowireCapableBeanFactory.initializeBean(AbstractAutowireCapableBeanFactory.java:1417)
	at org.springframework.beans.factory.support.AbstractAutowireCapableBeanFactory.doCreateBean(AbstractAutowireCapableBeanFactory.java:519)
	at org.springframework.beans.factory.support.AbstractAutowireCapableBeanFactory.createBean(AbstractAutowireCapableBeanFactory.java:456)
	at org.springframework.beans.factory.support.AbstractBeanFactory$1.getObject(AbstractBeanFactory.java:291)
	at org.springframework.beans.factory.support.DefaultSingletonBeanRegistry.getSingleton(DefaultSingletonBeanRegistry.java:222)
	at org.springframework.beans.factory.support.AbstractBeanFactory.doGetBean(AbstractBeanFactory.java:288)
	at org.springframework.beans.factory.support.AbstractBeanFactory.getBean(AbstractBeanFactory.java:190)
	at org.springframework.beans.factory.support.DefaultListableBeanFactory.preInstantiateSingletons(DefaultListableBeanFactory.java:563)
	at org.springframework.context.support.AbstractApplicationContext.finishBeanFactoryInitialization(AbstractApplicationContext.java:895)
	at org.springframework.context.support.AbstractApplicationContext.refresh(AbstractApplicationContext.java:425)
	at org.springframework.web.context.ContextLoader.createWebApplicationContext(ContextLoader.java:276)
	at org.springframework.web.context.ContextLoader.initWebApplicationContext(ContextLoader.java:197)
	at org.springframework.web.context.ContextLoaderListener.contextInitialized(ContextLoaderListener.java:47)
	at org.mortbay.jetty.handler.ContextHandler.startContext(ContextHandler.java:549)
	at org.mortbay.jetty.servlet.Context.startContext(Context.java:136)
	at org.mortbay.jetty.webapp.WebAppContext.startContext(WebAppContext.java:1282)
	at org.mortbay.jetty.handler.ContextHandler.doStart(ContextHandler.java:518)
	at org.mortbay.jetty.webapp.WebAppContext.doStart(WebAppContext.java:499)
	at org.mortbay.component.AbstractLifeCycle.start(AbstractLifeCycle.java:50)
	at org.mortbay.jetty.handler.HandlerWrapper.doStart(HandlerWrapper.java:130)
	at org.mortbay.jetty.Server.doStart(Server.java:224)
	at org.mortbay.component.AbstractLifeCycle.start(AbstractLifeCycle.java:50)
	at runjettyrun.Bootstrap.main(Bootstrap.java:82)
Caused by: com.mysql.jdbc.CommunicationsException: Communications link failure due to underlying exception: 

** BEGIN NESTED EXCEPTION ** 

java.net.ConnectException
MESSAGE: Connection timed out: connect

STACKTRACE:

java.net.ConnectException: Connection timed out: connect
	at java.net.PlainSocketImpl.socketConnect(Native Method)
	at java.net.PlainSocketImpl.doConnect(PlainSocketImpl.java:351)
	at java.net.PlainSocketImpl.connectToAddress(PlainSocketImpl.java:213)
	at java.net.PlainSocketImpl.connect(PlainSocketImpl.java:200)
	at java.net.SocksSocketImpl.connect(SocksSocketImpl.java:366)
	at java.net.Socket.connect(Socket.java:529)
	at java.net.Socket.connect(Socket.java:478)
	at java.net.Socket.<init>(Socket.java:375)
	at java.net.Socket.<init>(Socket.java:218)
	at com.mysql.jdbc.StandardSocketFactory.connect(StandardSocketFactory.java:256)
	at com.mysql.jdbc.MysqlIO.<init>(MysqlIO.java:271)
	at com.mysql.jdbc.Connection.createNewIO(Connection.java:2771)
	at com.mysql.jdbc.Connection.<init>(Connection.java:1555)
	at com.mysql.jdbc.NonRegisteringDriver.connect(NonRegisteringDriver.java:285)
	at org.apache.commons.dbcp.DriverConnectionFactory.createConnection(DriverConnectionFactory.java:38)
	at org.apache.commons.dbcp.PoolableConnectionFactory.makeObject(PoolableConnectionFactory.java:582)
	at org.apache.commons.dbcp.BasicDataSource.validateConnectionFactory(BasicDataSource.java:1556)
	at org.apache.commons.dbcp.BasicDataSource.createPoolableConnectionFactory(BasicDataSource.java:1545)
	at org.apache.commons.dbcp.BasicDataSource.createDataSource(BasicDataSource.java:1388)
	at org.apache.commons.dbcp.BasicDataSource.getConnection(BasicDataSource.java:1044)
	at org.springframework.orm.hibernate3.LocalDataSourceConnectionProvider.getConnection(LocalDataSourceConnectionProvider.java:81)
	at org.hibernate.cfg.SettingsFactory.buildSettings(SettingsFactory.java:114)
	at org.hibernate.cfg.Configuration.buildSettingsInternal(Configuration.java:2163)
	at org.hibernate.cfg.Configuration.buildSettings(Configuration.java:2159)
	at org.hibernate.cfg.Configuration.buildSessionFactory(Configuration.java:1383)
	at org.hibernate.cfg.AnnotationConfiguration.buildSessionFactory(AnnotationConfiguration.java:954)
	at org.springframework.orm.hibernate3.LocalSessionFactoryBean.newSessionFactory(LocalSessionFactoryBean.java:860)
	at org.springframework.orm.hibernate3.LocalSessionFactoryBean.buildSessionFactory(LocalSessionFactoryBean.java:779)
	at org.springframework.orm.hibernate3.AbstractSessionFactoryBean.afterPropertiesSet(AbstractSessionFactoryBean.java:211)
	at org.springframework.beans.factory.support.AbstractAutowireCapableBeanFactory.invokeInitMethods(AbstractAutowireCapableBeanFactory.java:1477)
	at org.springframework.beans.factory.support.AbstractAutowireCapableBeanFactory.initializeBean(AbstractAutowireCapableBeanFactory.java:1417)
	at org.springframework.beans.factory.support.AbstractAutowireCapableBeanFactory.doCreateBean(AbstractAutowireCapableBeanFactory.java:519)
	at org.springframework.beans.factory.support.AbstractAutowireCapableBeanFactory.createBean(AbstractAutowireCapableBeanFactory.java:456)
	at org.springframework.beans.factory.support.AbstractBeanFactory$1.getObject(AbstractBeanFactory.java:291)
	at org.springframework.beans.factory.support.DefaultSingletonBeanRegistry.getSingleton(DefaultSingletonBeanRegistry.java:222)
	at org.springframework.beans.factory.support.AbstractBeanFactory.doGetBean(AbstractBeanFactory.java:288)
	at org.springframework.beans.factory.support.AbstractBeanFactory.getBean(AbstractBeanFactory.java:190)
	at org.springframework.beans.factory.support.DefaultListableBeanFactory.preInstantiateSingletons(DefaultListableBeanFactory.java:563)
	at org.springframework.context.support.AbstractApplicationContext.finishBeanFactoryInitialization(AbstractApplicationContext.java:895)
	at org.springframework.context.support.AbstractApplicationContext.refresh(AbstractApplicationContext.java:425)
	at org.springframework.web.context.ContextLoader.createWebApplicationContext(ContextLoader.java:276)
	at org.springframework.web.context.ContextLoader.initWebApplicationContext(ContextLoader.java:197)
	at org.springframework.web.context.ContextLoaderListener.contextInitialized(ContextLoaderListener.java:47)
	at org.mortbay.jetty.handler.ContextHandler.startContext(ContextHandler.java:549)
	at org.mortbay.jetty.servlet.Context.startContext(Context.java:136)
	at org.mortbay.jetty.webapp.WebAppContext.startContext(WebAppContext.java:1282)
	at org.mortbay.jetty.handler.ContextHandler.doStart(ContextHandler.java:518)
	at org.mortbay.jetty.webapp.WebAppContext.doStart(WebAppContext.java:499)
	at org.mortbay.component.AbstractLifeCycle.start(AbstractLifeCycle.java:50)
	at org.mortbay.jetty.handler.HandlerWrapper.doStart(HandlerWrapper.java:130)
	at org.mortbay.jetty.Server.doStart(Server.java:224)
	at org.mortbay.component.AbstractLifeCycle.start(AbstractLifeCycle.java:50)
	at runjettyrun.Bootstrap.main(Bootstrap.java:82)


** END NESTED EXCEPTION **



Last packet sent to the server was 1 ms ago.
	at com.mysql.jdbc.Connection.createNewIO(Connection.java:2847)
	at com.mysql.jdbc.Connection.<init>(Connection.java:1555)
	at com.mysql.jdbc.NonRegisteringDriver.connect(NonRegisteringDriver.java:285)
	at org.apache.commons.dbcp.DriverConnectionFactory.createConnection(DriverConnectionFactory.java:38)
	at org.apache.commons.dbcp.PoolableConnectionFactory.makeObject(PoolableConnectionFactory.java:582)
	at org.apache.commons.dbcp.BasicDataSource.validateConnectionFactory(BasicDataSource.java:1556)
	at org.apache.commons.dbcp.BasicDataSource.createPoolableConnectionFactory(BasicDataSource.java:1545)
	... 35 more
2014-11-10 16:41:38 [main:42872] - [ INFO] Using dialect: org.hibernate.dialect.MySQL5Dialect
2014-11-10 16:41:38 [main:42877] - [ INFO] Disabling contextual LOB creation as connection was null
2014-11-10 16:41:38 [main:42879] - [ INFO] Transaction strategy: org.springframework.orm.hibernate3.SpringTransactionFactory
2014-11-10 16:41:38 [main:42880] - [ INFO] No TransactionManagerLookup configured (in JTA environment, use of read-write or transactional second-level cache is not recommended)
2014-11-10 16:41:38 [main:42881] - [ INFO] Automatic flush during beforeCompletion(): disabled
2014-11-10 16:41:38 [main:42881] - [ INFO] Automatic session close at end of transaction: disabled
2014-11-10 16:41:38 [main:42882] - [ INFO] Scrollable result sets: disabled
2014-11-10 16:41:38 [main:42883] - [ INFO] JDBC3 getGeneratedKeys(): disabled
2014-11-10 16:41:38 [main:42883] - [ INFO] Connection release mode: auto
2014-11-10 16:41:38 [main:42884] - [ INFO] Maximum outer join fetch depth: 2
2014-11-10 16:41:38 [main:42884] - [ INFO] Default batch fetch size: 1
2014-11-10 16:41:38 [main:42884] - [ INFO] Generate SQL with comments: disabled
2014-11-10 16:41:38 [main:42885] - [ INFO] Order SQL updates by primary key: disabled
2014-11-10 16:41:38 [main:42886] - [ INFO] Order SQL inserts for batching: disabled
2014-11-10 16:41:38 [main:42886] - [ INFO] Query translator: org.hibernate.hql.ast.ASTQueryTranslatorFactory
2014-11-10 16:41:38 [main:42889] - [ INFO] Using ASTQueryTranslatorFactory
2014-11-10 16:41:38 [main:42889] - [ INFO] Query language substitutions: {}
2014-11-10 16:41:38 [main:42889] - [ INFO] JPA-QL strict compliance: disabled
2014-11-10 16:41:38 [main:42890] - [ INFO] Second-level cache: enabled
2014-11-10 16:41:38 [main:42890] - [ INFO] Query cache: disabled
2014-11-10 16:41:38 [main:42890] - [ INFO] Cache region factory : org.hibernate.cache.impl.NoCachingRegionFactory
2014-11-10 16:41:38 [main:42891] - [ INFO] Optimize cache for minimal puts: disabled
2014-11-10 16:41:38 [main:42891] - [ INFO] Structured second-level cache entries: disabled
2014-11-10 16:41:38 [main:42896] - [ INFO] Echoing all SQL to stdout
2014-11-10 16:41:38 [main:42898] - [ INFO] Statistics: disabled
2014-11-10 16:41:38 [main:42898] - [ INFO] Deleted entity synthetic identifier rollback: disabled
2014-11-10 16:41:38 [main:42898] - [ INFO] Default entity-mode: pojo
2014-11-10 16:41:38 [main:42899] - [ INFO] Named query checking : enabled
2014-11-10 16:41:38 [main:42899] - [ INFO] Check Nullability in Core (should be disabled when Bean Validation is on): enabled
2014-11-10 16:41:38 [main:42935] - [ INFO] building session factory
2014-11-10 16:41:38 [main:43074] - [ INFO] Not binding factory to JNDI, no JNDI name configured
2014-11-10 16:41:38 [main:43106] - [ INFO] Using DataSource [org.apache.commons.dbcp.BasicDataSource@1efe475] of Hibernate SessionFactory for HibernateTransactionManager
2014-11-10 16:41:38 [main:43186] - [ INFO] Root WebApplicationContext: initialization completed in 43185 ms
2014-11-10 16:41:38 [main:43368] - [ INFO] Parsing configuration file [struts-default.xml]
2014-11-10 16:41:39 [main:43433] - [ INFO] Parsing configuration file [struts-plugin.xml]
2014-11-10 16:41:39 [main:43439] - [ INFO] Parsing configuration file [struts.xml]
2014-11-10 16:41:39 [main:43471] - [ INFO] Initializing Struts-Spring integration...
2014-11-10 16:41:39 [main:43472] - [ INFO] Setting autowire strategy to name
2014-11-10 16:41:39 [main:43472] - [ INFO] ... initialized Struts-Spring integration successfully
2014-11-10 16:42:48 [main:0] - [ INFO] Root WebApplicationContext: initialization started
2014-11-10 16:42:48 [main:24] - [ INFO] Refreshing Root WebApplicationContext: startup date [Mon Nov 10 16:42:48 CST 2014]; root of context hierarchy
2014-11-10 16:42:48 [main:56] - [ INFO] Loading XML bean definitions from URL [file:/D:/WorkSoftwareTool/WebProject/SAE%20Test/ssh2/mydemo24/build/classes/spring.xml]
2014-11-10 16:42:48 [main:282] - [ INFO] Pre-instantiating singletons in org.springframework.beans.factory.support.DefaultListableBeanFactory@1878144: defining beans [dataSource,sessionFactory,hibernateTemplate,txManager,org.springframework.aop.config.internalAutoProxyCreator,org.springframework.transaction.annotation.AnnotationTransactionAttributeSource#0,org.springframework.transaction.interceptor.TransactionInterceptor#0,org.springframework.transaction.config.internalTransactionAdvisor,org.springframework.context.annotation.internalConfigurationAnnotationProcessor,org.springframework.context.annotation.internalAutowiredAnnotationProcessor,org.springframework.context.annotation.internalRequiredAnnotationProcessor,org.springframework.context.annotation.internalCommonAnnotationProcessor,org.springframework.context.annotation.internalPersistenceAnnotationProcessor,userDao,user,userService]; root of factory hierarchy
2014-11-10 16:42:48 [main:346] - [ INFO] Hibernate Annotations 3.5.5-Final
2014-11-10 16:42:48 [main:353] - [ INFO] Hibernate 3.5.5-Final
2014-11-10 16:42:48 [main:354] - [ INFO] hibernate.properties not found
2014-11-10 16:42:48 [main:356] - [ INFO] Bytecode provider name : javassist
2014-11-10 16:42:48 [main:358] - [ INFO] using JDK 1.4 java.sql.Timestamp handling
2014-11-10 16:42:48 [main:414] - [ INFO] Hibernate Commons Annotations 3.2.0.Final
2014-11-10 16:42:48 [main:449] - [ INFO] Binding entity from annotated class: cn.net.msg.model.User
2014-11-10 16:42:48 [main:469] - [ INFO] Bind entity cn.net.msg.model.User on table t_demo
2014-11-10 16:42:48 [main:497] - [ INFO] Hibernate Validator not found: ignoring
2014-11-10 16:42:48 [main:499] - [ INFO] Building new Hibernate SessionFactory
2014-11-10 16:42:48 [main:500] - [ INFO] Unable to find org.hibernate.search.event.FullTextIndexEventListener on the classpath. Hibernate Search is not enabled.
2014-11-10 16:42:48 [main:529] - [ INFO] Initializing connection provider: org.springframework.orm.hibernate3.LocalDataSourceConnectionProvider
2014-11-10 16:43:30 [main:42633] - [ WARN] SQL Error: 0, SQLState: null
2014-11-10 16:43:30 [main:42634] - [ERROR] Cannot create PoolableConnectionFactory (Communications link failure due to underlying exception: 

** BEGIN NESTED EXCEPTION ** 

java.net.ConnectException
MESSAGE: Connection timed out: connect

STACKTRACE:

java.net.ConnectException: Connection timed out: connect
	at java.net.PlainSocketImpl.socketConnect(Native Method)
	at java.net.PlainSocketImpl.doConnect(PlainSocketImpl.java:351)
	at java.net.PlainSocketImpl.connectToAddress(PlainSocketImpl.java:213)
	at java.net.PlainSocketImpl.connect(PlainSocketImpl.java:200)
	at java.net.SocksSocketImpl.connect(SocksSocketImpl.java:366)
	at java.net.Socket.connect(Socket.java:529)
	at java.net.Socket.connect(Socket.java:478)
	at java.net.Socket.<init>(Socket.java:375)
	at java.net.Socket.<init>(Socket.java:218)
	at com.mysql.jdbc.StandardSocketFactory.connect(StandardSocketFactory.java:256)
	at com.mysql.jdbc.MysqlIO.<init>(MysqlIO.java:271)
	at com.mysql.jdbc.Connection.createNewIO(Connection.java:2771)
	at com.mysql.jdbc.Connection.<init>(Connection.java:1555)
	at com.mysql.jdbc.NonRegisteringDriver.connect(NonRegisteringDriver.java:285)
	at org.apache.commons.dbcp.DriverConnectionFactory.createConnection(DriverConnectionFactory.java:38)
	at org.apache.commons.dbcp.PoolableConnectionFactory.makeObject(PoolableConnectionFactory.java:582)
	at org.apache.commons.dbcp.BasicDataSource.validateConnectionFactory(BasicDataSource.java:1556)
	at org.apache.commons.dbcp.BasicDataSource.createPoolableConnectionFactory(BasicDataSource.java:1545)
	at org.apache.commons.dbcp.BasicDataSource.createDataSource(BasicDataSource.java:1388)
	at org.apache.commons.dbcp.BasicDataSource.getConnection(BasicDataSource.java:1044)
	at org.springframework.orm.hibernate3.LocalDataSourceConnectionProvider.getConnection(LocalDataSourceConnectionProvider.java:81)
	at org.hibernate.cfg.SettingsFactory.buildSettings(SettingsFactory.java:114)
	at org.hibernate.cfg.Configuration.buildSettingsInternal(Configuration.java:2163)
	at org.hibernate.cfg.Configuration.buildSettings(Configuration.java:2159)
	at org.hibernate.cfg.Configuration.buildSessionFactory(Configuration.java:1383)
	at org.hibernate.cfg.AnnotationConfiguration.buildSessionFactory(AnnotationConfiguration.java:954)
	at org.springframework.orm.hibernate3.LocalSessionFactoryBean.newSessionFactory(LocalSessionFactoryBean.java:860)
	at org.springframework.orm.hibernate3.LocalSessionFactoryBean.buildSessionFactory(LocalSessionFactoryBean.java:779)
	at org.springframework.orm.hibernate3.AbstractSessionFactoryBean.afterPropertiesSet(AbstractSessionFactoryBean.java:211)
	at org.springframework.beans.factory.support.AbstractAutowireCapableBeanFactory.invokeInitMethods(AbstractAutowireCapableBeanFactory.java:1477)
	at org.springframework.beans.factory.support.AbstractAutowireCapableBeanFactory.initializeBean(AbstractAutowireCapableBeanFactory.java:1417)
	at org.springframework.beans.factory.support.AbstractAutowireCapableBeanFactory.doCreateBean(AbstractAutowireCapableBeanFactory.java:519)
	at org.springframework.beans.factory.support.AbstractAutowireCapableBeanFactory.createBean(AbstractAutowireCapableBeanFactory.java:456)
	at org.springframework.beans.factory.support.AbstractBeanFactory$1.getObject(AbstractBeanFactory.java:291)
	at org.springframework.beans.factory.support.DefaultSingletonBeanRegistry.getSingleton(DefaultSingletonBeanRegistry.java:222)
	at org.springframework.beans.factory.support.AbstractBeanFactory.doGetBean(AbstractBeanFactory.java:288)
	at org.springframework.beans.factory.support.AbstractBeanFactory.getBean(AbstractBeanFactory.java:190)
	at org.springframework.beans.factory.support.DefaultListableBeanFactory.preInstantiateSingletons(DefaultListableBeanFactory.java:563)
	at org.springframework.context.support.AbstractApplicationContext.finishBeanFactoryInitialization(AbstractApplicationContext.java:895)
	at org.springframework.context.support.AbstractApplicationContext.refresh(AbstractApplicationContext.java:425)
	at org.springframework.web.context.ContextLoader.createWebApplicationContext(ContextLoader.java:276)
	at org.springframework.web.context.ContextLoader.initWebApplicationContext(ContextLoader.java:197)
	at org.springframework.web.context.ContextLoaderListener.contextInitialized(ContextLoaderListener.java:47)
	at org.mortbay.jetty.handler.ContextHandler.startContext(ContextHandler.java:549)
	at org.mortbay.jetty.servlet.Context.startContext(Context.java:136)
	at org.mortbay.jetty.webapp.WebAppContext.startContext(WebAppContext.java:1282)
	at org.mortbay.jetty.handler.ContextHandler.doStart(ContextHandler.java:518)
	at org.mortbay.jetty.webapp.WebAppContext.doStart(WebAppContext.java:499)
	at org.mortbay.component.AbstractLifeCycle.start(AbstractLifeCycle.java:50)
	at org.mortbay.jetty.handler.HandlerWrapper.doStart(HandlerWrapper.java:130)
	at org.mortbay.jetty.Server.doStart(Server.java:224)
	at org.mortbay.component.AbstractLifeCycle.start(AbstractLifeCycle.java:50)
	at runjettyrun.Bootstrap.main(Bootstrap.java:82)


** END NESTED EXCEPTION **



Last packet sent to the server was 1 ms ago.)
2014-11-10 16:43:30 [main:42636] - [ WARN] Could not obtain connection to query metadata
org.apache.commons.dbcp.SQLNestedException: Cannot create PoolableConnectionFactory (Communications link failure due to underlying exception: 

** BEGIN NESTED EXCEPTION ** 

java.net.ConnectException
MESSAGE: Connection timed out: connect

STACKTRACE:

java.net.ConnectException: Connection timed out: connect
	at java.net.PlainSocketImpl.socketConnect(Native Method)
	at java.net.PlainSocketImpl.doConnect(PlainSocketImpl.java:351)
	at java.net.PlainSocketImpl.connectToAddress(PlainSocketImpl.java:213)
	at java.net.PlainSocketImpl.connect(PlainSocketImpl.java:200)
	at java.net.SocksSocketImpl.connect(SocksSocketImpl.java:366)
	at java.net.Socket.connect(Socket.java:529)
	at java.net.Socket.connect(Socket.java:478)
	at java.net.Socket.<init>(Socket.java:375)
	at java.net.Socket.<init>(Socket.java:218)
	at com.mysql.jdbc.StandardSocketFactory.connect(StandardSocketFactory.java:256)
	at com.mysql.jdbc.MysqlIO.<init>(MysqlIO.java:271)
	at com.mysql.jdbc.Connection.createNewIO(Connection.java:2771)
	at com.mysql.jdbc.Connection.<init>(Connection.java:1555)
	at com.mysql.jdbc.NonRegisteringDriver.connect(NonRegisteringDriver.java:285)
	at org.apache.commons.dbcp.DriverConnectionFactory.createConnection(DriverConnectionFactory.java:38)
	at org.apache.commons.dbcp.PoolableConnectionFactory.makeObject(PoolableConnectionFactory.java:582)
	at org.apache.commons.dbcp.BasicDataSource.validateConnectionFactory(BasicDataSource.java:1556)
	at org.apache.commons.dbcp.BasicDataSource.createPoolableConnectionFactory(BasicDataSource.java:1545)
	at org.apache.commons.dbcp.BasicDataSource.createDataSource(BasicDataSource.java:1388)
	at org.apache.commons.dbcp.BasicDataSource.getConnection(BasicDataSource.java:1044)
	at org.springframework.orm.hibernate3.LocalDataSourceConnectionProvider.getConnection(LocalDataSourceConnectionProvider.java:81)
	at org.hibernate.cfg.SettingsFactory.buildSettings(SettingsFactory.java:114)
	at org.hibernate.cfg.Configuration.buildSettingsInternal(Configuration.java:2163)
	at org.hibernate.cfg.Configuration.buildSettings(Configuration.java:2159)
	at org.hibernate.cfg.Configuration.buildSessionFactory(Configuration.java:1383)
	at org.hibernate.cfg.AnnotationConfiguration.buildSessionFactory(AnnotationConfiguration.java:954)
	at org.springframework.orm.hibernate3.LocalSessionFactoryBean.newSessionFactory(LocalSessionFactoryBean.java:860)
	at org.springframework.orm.hibernate3.LocalSessionFactoryBean.buildSessionFactory(LocalSessionFactoryBean.java:779)
	at org.springframework.orm.hibernate3.AbstractSessionFactoryBean.afterPropertiesSet(AbstractSessionFactoryBean.java:211)
	at org.springframework.beans.factory.support.AbstractAutowireCapableBeanFactory.invokeInitMethods(AbstractAutowireCapableBeanFactory.java:1477)
	at org.springframework.beans.factory.support.AbstractAutowireCapableBeanFactory.initializeBean(AbstractAutowireCapableBeanFactory.java:1417)
	at org.springframework.beans.factory.support.AbstractAutowireCapableBeanFactory.doCreateBean(AbstractAutowireCapableBeanFactory.java:519)
	at org.springframework.beans.factory.support.AbstractAutowireCapableBeanFactory.createBean(AbstractAutowireCapableBeanFactory.java:456)
	at org.springframework.beans.factory.support.AbstractBeanFactory$1.getObject(AbstractBeanFactory.java:291)
	at org.springframework.beans.factory.support.DefaultSingletonBeanRegistry.getSingleton(DefaultSingletonBeanRegistry.java:222)
	at org.springframework.beans.factory.support.AbstractBeanFactory.doGetBean(AbstractBeanFactory.java:288)
	at org.springframework.beans.factory.support.AbstractBeanFactory.getBean(AbstractBeanFactory.java:190)
	at org.springframework.beans.factory.support.DefaultListableBeanFactory.preInstantiateSingletons(DefaultListableBeanFactory.java:563)
	at org.springframework.context.support.AbstractApplicationContext.finishBeanFactoryInitialization(AbstractApplicationContext.java:895)
	at org.springframework.context.support.AbstractApplicationContext.refresh(AbstractApplicationContext.java:425)
	at org.springframework.web.context.ContextLoader.createWebApplicationContext(ContextLoader.java:276)
	at org.springframework.web.context.ContextLoader.initWebApplicationContext(ContextLoader.java:197)
	at org.springframework.web.context.ContextLoaderListener.contextInitialized(ContextLoaderListener.java:47)
	at org.mortbay.jetty.handler.ContextHandler.startContext(ContextHandler.java:549)
	at org.mortbay.jetty.servlet.Context.startContext(Context.java:136)
	at org.mortbay.jetty.webapp.WebAppContext.startContext(WebAppContext.java:1282)
	at org.mortbay.jetty.handler.ContextHandler.doStart(ContextHandler.java:518)
	at org.mortbay.jetty.webapp.WebAppContext.doStart(WebAppContext.java:499)
	at org.mortbay.component.AbstractLifeCycle.start(AbstractLifeCycle.java:50)
	at org.mortbay.jetty.handler.HandlerWrapper.doStart(HandlerWrapper.java:130)
	at org.mortbay.jetty.Server.doStart(Server.java:224)
	at org.mortbay.component.AbstractLifeCycle.start(AbstractLifeCycle.java:50)
	at runjettyrun.Bootstrap.main(Bootstrap.java:82)


** END NESTED EXCEPTION **



Last packet sent to the server was 1 ms ago.)
	at org.apache.commons.dbcp.BasicDataSource.createPoolableConnectionFactory(BasicDataSource.java:1549)
	at org.apache.commons.dbcp.BasicDataSource.createDataSource(BasicDataSource.java:1388)
	at org.apache.commons.dbcp.BasicDataSource.getConnection(BasicDataSource.java:1044)
	at org.springframework.orm.hibernate3.LocalDataSourceConnectionProvider.getConnection(LocalDataSourceConnectionProvider.java:81)
	at org.hibernate.cfg.SettingsFactory.buildSettings(SettingsFactory.java:114)
	at org.hibernate.cfg.Configuration.buildSettingsInternal(Configuration.java:2163)
	at org.hibernate.cfg.Configuration.buildSettings(Configuration.java:2159)
	at org.hibernate.cfg.Configuration.buildSessionFactory(Configuration.java:1383)
	at org.hibernate.cfg.AnnotationConfiguration.buildSessionFactory(AnnotationConfiguration.java:954)
	at org.springframework.orm.hibernate3.LocalSessionFactoryBean.newSessionFactory(LocalSessionFactoryBean.java:860)
	at org.springframework.orm.hibernate3.LocalSessionFactoryBean.buildSessionFactory(LocalSessionFactoryBean.java:779)
	at org.springframework.orm.hibernate3.AbstractSessionFactoryBean.afterPropertiesSet(AbstractSessionFactoryBean.java:211)
	at org.springframework.beans.factory.support.AbstractAutowireCapableBeanFactory.invokeInitMethods(AbstractAutowireCapableBeanFactory.java:1477)
	at org.springframework.beans.factory.support.AbstractAutowireCapableBeanFactory.initializeBean(AbstractAutowireCapableBeanFactory.java:1417)
	at org.springframework.beans.factory.support.AbstractAutowireCapableBeanFactory.doCreateBean(AbstractAutowireCapableBeanFactory.java:519)
	at org.springframework.beans.factory.support.AbstractAutowireCapableBeanFactory.createBean(AbstractAutowireCapableBeanFactory.java:456)
	at org.springframework.beans.factory.support.AbstractBeanFactory$1.getObject(AbstractBeanFactory.java:291)
	at org.springframework.beans.factory.support.DefaultSingletonBeanRegistry.getSingleton(DefaultSingletonBeanRegistry.java:222)
	at org.springframework.beans.factory.support.AbstractBeanFactory.doGetBean(AbstractBeanFactory.java:288)
	at org.springframework.beans.factory.support.AbstractBeanFactory.getBean(AbstractBeanFactory.java:190)
	at org.springframework.beans.factory.support.DefaultListableBeanFactory.preInstantiateSingletons(DefaultListableBeanFactory.java:563)
	at org.springframework.context.support.AbstractApplicationContext.finishBeanFactoryInitialization(AbstractApplicationContext.java:895)
	at org.springframework.context.support.AbstractApplicationContext.refresh(AbstractApplicationContext.java:425)
	at org.springframework.web.context.ContextLoader.createWebApplicationContext(ContextLoader.java:276)
	at org.springframework.web.context.ContextLoader.initWebApplicationContext(ContextLoader.java:197)
	at org.springframework.web.context.ContextLoaderListener.contextInitialized(ContextLoaderListener.java:47)
	at org.mortbay.jetty.handler.ContextHandler.startContext(ContextHandler.java:549)
	at org.mortbay.jetty.servlet.Context.startContext(Context.java:136)
	at org.mortbay.jetty.webapp.WebAppContext.startContext(WebAppContext.java:1282)
	at org.mortbay.jetty.handler.ContextHandler.doStart(ContextHandler.java:518)
	at org.mortbay.jetty.webapp.WebAppContext.doStart(WebAppContext.java:499)
	at org.mortbay.component.AbstractLifeCycle.start(AbstractLifeCycle.java:50)
	at org.mortbay.jetty.handler.HandlerWrapper.doStart(HandlerWrapper.java:130)
	at org.mortbay.jetty.Server.doStart(Server.java:224)
	at org.mortbay.component.AbstractLifeCycle.start(AbstractLifeCycle.java:50)
	at runjettyrun.Bootstrap.main(Bootstrap.java:82)
Caused by: com.mysql.jdbc.CommunicationsException: Communications link failure due to underlying exception: 

** BEGIN NESTED EXCEPTION ** 

java.net.ConnectException
MESSAGE: Connection timed out: connect

STACKTRACE:

java.net.ConnectException: Connection timed out: connect
	at java.net.PlainSocketImpl.socketConnect(Native Method)
	at java.net.PlainSocketImpl.doConnect(PlainSocketImpl.java:351)
	at java.net.PlainSocketImpl.connectToAddress(PlainSocketImpl.java:213)
	at java.net.PlainSocketImpl.connect(PlainSocketImpl.java:200)
	at java.net.SocksSocketImpl.connect(SocksSocketImpl.java:366)
	at java.net.Socket.connect(Socket.java:529)
	at java.net.Socket.connect(Socket.java:478)
	at java.net.Socket.<init>(Socket.java:375)
	at java.net.Socket.<init>(Socket.java:218)
	at com.mysql.jdbc.StandardSocketFactory.connect(StandardSocketFactory.java:256)
	at com.mysql.jdbc.MysqlIO.<init>(MysqlIO.java:271)
	at com.mysql.jdbc.Connection.createNewIO(Connection.java:2771)
	at com.mysql.jdbc.Connection.<init>(Connection.java:1555)
	at com.mysql.jdbc.NonRegisteringDriver.connect(NonRegisteringDriver.java:285)
	at org.apache.commons.dbcp.DriverConnectionFactory.createConnection(DriverConnectionFactory.java:38)
	at org.apache.commons.dbcp.PoolableConnectionFactory.makeObject(PoolableConnectionFactory.java:582)
	at org.apache.commons.dbcp.BasicDataSource.validateConnectionFactory(BasicDataSource.java:1556)
	at org.apache.commons.dbcp.BasicDataSource.createPoolableConnectionFactory(BasicDataSource.java:1545)
	at org.apache.commons.dbcp.BasicDataSource.createDataSource(BasicDataSource.java:1388)
	at org.apache.commons.dbcp.BasicDataSource.getConnection(BasicDataSource.java:1044)
	at org.springframework.orm.hibernate3.LocalDataSourceConnectionProvider.getConnection(LocalDataSourceConnectionProvider.java:81)
	at org.hibernate.cfg.SettingsFactory.buildSettings(SettingsFactory.java:114)
	at org.hibernate.cfg.Configuration.buildSettingsInternal(Configuration.java:2163)
	at org.hibernate.cfg.Configuration.buildSettings(Configuration.java:2159)
	at org.hibernate.cfg.Configuration.buildSessionFactory(Configuration.java:1383)
	at org.hibernate.cfg.AnnotationConfiguration.buildSessionFactory(AnnotationConfiguration.java:954)
	at org.springframework.orm.hibernate3.LocalSessionFactoryBean.newSessionFactory(LocalSessionFactoryBean.java:860)
	at org.springframework.orm.hibernate3.LocalSessionFactoryBean.buildSessionFactory(LocalSessionFactoryBean.java:779)
	at org.springframework.orm.hibernate3.AbstractSessionFactoryBean.afterPropertiesSet(AbstractSessionFactoryBean.java:211)
	at org.springframework.beans.factory.support.AbstractAutowireCapableBeanFactory.invokeInitMethods(AbstractAutowireCapableBeanFactory.java:1477)
	at org.springframework.beans.factory.support.AbstractAutowireCapableBeanFactory.initializeBean(AbstractAutowireCapableBeanFactory.java:1417)
	at org.springframework.beans.factory.support.AbstractAutowireCapableBeanFactory.doCreateBean(AbstractAutowireCapableBeanFactory.java:519)
	at org.springframework.beans.factory.support.AbstractAutowireCapableBeanFactory.createBean(AbstractAutowireCapableBeanFactory.java:456)
	at org.springframework.beans.factory.support.AbstractBeanFactory$1.getObject(AbstractBeanFactory.java:291)
	at org.springframework.beans.factory.support.DefaultSingletonBeanRegistry.getSingleton(DefaultSingletonBeanRegistry.java:222)
	at org.springframework.beans.factory.support.AbstractBeanFactory.doGetBean(AbstractBeanFactory.java:288)
	at org.springframework.beans.factory.support.AbstractBeanFactory.getBean(AbstractBeanFactory.java:190)
	at org.springframework.beans.factory.support.DefaultListableBeanFactory.preInstantiateSingletons(DefaultListableBeanFactory.java:563)
	at org.springframework.context.support.AbstractApplicationContext.finishBeanFactoryInitialization(AbstractApplicationContext.java:895)
	at org.springframework.context.support.AbstractApplicationContext.refresh(AbstractApplicationContext.java:425)
	at org.springframework.web.context.ContextLoader.createWebApplicationContext(ContextLoader.java:276)
	at org.springframework.web.context.ContextLoader.initWebApplicationContext(ContextLoader.java:197)
	at org.springframework.web.context.ContextLoaderListener.contextInitialized(ContextLoaderListener.java:47)
	at org.mortbay.jetty.handler.ContextHandler.startContext(ContextHandler.java:549)
	at org.mortbay.jetty.servlet.Context.startContext(Context.java:136)
	at org.mortbay.jetty.webapp.WebAppContext.startContext(WebAppContext.java:1282)
	at org.mortbay.jetty.handler.ContextHandler.doStart(ContextHandler.java:518)
	at org.mortbay.jetty.webapp.WebAppContext.doStart(WebAppContext.java:499)
	at org.mortbay.component.AbstractLifeCycle.start(AbstractLifeCycle.java:50)
	at org.mortbay.jetty.handler.HandlerWrapper.doStart(HandlerWrapper.java:130)
	at org.mortbay.jetty.Server.doStart(Server.java:224)
	at org.mortbay.component.AbstractLifeCycle.start(AbstractLifeCycle.java:50)
	at runjettyrun.Bootstrap.main(Bootstrap.java:82)


** END NESTED EXCEPTION **



Last packet sent to the server was 1 ms ago.
	at com.mysql.jdbc.Connection.createNewIO(Connection.java:2847)
	at com.mysql.jdbc.Connection.<init>(Connection.java:1555)
	at com.mysql.jdbc.NonRegisteringDriver.connect(NonRegisteringDriver.java:285)
	at org.apache.commons.dbcp.DriverConnectionFactory.createConnection(DriverConnectionFactory.java:38)
	at org.apache.commons.dbcp.PoolableConnectionFactory.makeObject(PoolableConnectionFactory.java:582)
	at org.apache.commons.dbcp.BasicDataSource.validateConnectionFactory(BasicDataSource.java:1556)
	at org.apache.commons.dbcp.BasicDataSource.createPoolableConnectionFactory(BasicDataSource.java:1545)
	... 35 more
2014-11-10 16:43:30 [main:42668] - [ INFO] Using dialect: org.hibernate.dialect.MySQL5Dialect
2014-11-10 16:43:30 [main:42671] - [ INFO] Disabling contextual LOB creation as connection was null
2014-11-10 16:43:30 [main:42671] - [ INFO] Transaction strategy: org.springframework.orm.hibernate3.SpringTransactionFactory
2014-11-10 16:43:30 [main:42672] - [ INFO] No TransactionManagerLookup configured (in JTA environment, use of read-write or transactional second-level cache is not recommended)
2014-11-10 16:43:30 [main:42672] - [ INFO] Automatic flush during beforeCompletion(): disabled
2014-11-10 16:43:30 [main:42672] - [ INFO] Automatic session close at end of transaction: disabled
2014-11-10 16:43:30 [main:42673] - [ INFO] Scrollable result sets: disabled
2014-11-10 16:43:30 [main:42673] - [ INFO] JDBC3 getGeneratedKeys(): disabled
2014-11-10 16:43:30 [main:42673] - [ INFO] Connection release mode: auto
2014-11-10 16:43:30 [main:42674] - [ INFO] Maximum outer join fetch depth: 2
2014-11-10 16:43:30 [main:42674] - [ INFO] Default batch fetch size: 1
2014-11-10 16:43:30 [main:42674] - [ INFO] Generate SQL with comments: disabled
2014-11-10 16:43:30 [main:42674] - [ INFO] Order SQL updates by primary key: disabled
2014-11-10 16:43:30 [main:42674] - [ INFO] Order SQL inserts for batching: disabled
2014-11-10 16:43:30 [main:42674] - [ INFO] Query translator: org.hibernate.hql.ast.ASTQueryTranslatorFactory
2014-11-10 16:43:30 [main:42675] - [ INFO] Using ASTQueryTranslatorFactory
2014-11-10 16:43:30 [main:42675] - [ INFO] Query language substitutions: {}
2014-11-10 16:43:30 [main:42675] - [ INFO] JPA-QL strict compliance: disabled
2014-11-10 16:43:30 [main:42676] - [ INFO] Second-level cache: enabled
2014-11-10 16:43:30 [main:42676] - [ INFO] Query cache: disabled
2014-11-10 16:43:30 [main:42676] - [ INFO] Cache region factory : org.hibernate.cache.impl.NoCachingRegionFactory
2014-11-10 16:43:30 [main:42676] - [ INFO] Optimize cache for minimal puts: disabled
2014-11-10 16:43:30 [main:42676] - [ INFO] Structured second-level cache entries: disabled
2014-11-10 16:43:30 [main:42678] - [ INFO] Echoing all SQL to stdout
2014-11-10 16:43:30 [main:42679] - [ INFO] Statistics: disabled
2014-11-10 16:43:30 [main:42679] - [ INFO] Deleted entity synthetic identifier rollback: disabled
2014-11-10 16:43:30 [main:42679] - [ INFO] Default entity-mode: pojo
2014-11-10 16:43:30 [main:42679] - [ INFO] Named query checking : enabled
2014-11-10 16:43:30 [main:42679] - [ INFO] Check Nullability in Core (should be disabled when Bean Validation is on): enabled
2014-11-10 16:43:30 [main:42696] - [ INFO] building session factory
2014-11-10 16:43:31 [main:42793] - [ INFO] Not binding factory to JNDI, no JNDI name configured
2014-11-10 16:43:31 [main:42827] - [ INFO] Using DataSource [org.apache.commons.dbcp.BasicDataSource@1d7b222] of Hibernate SessionFactory for HibernateTransactionManager
2014-11-10 16:43:31 [main:42906] - [ INFO] Root WebApplicationContext: initialization completed in 42904 ms
2014-11-10 16:43:31 [main:42990] - [ INFO] Parsing configuration file [struts-default.xml]
2014-11-10 16:43:31 [main:43040] - [ INFO] Parsing configuration file [struts-plugin.xml]
2014-11-10 16:43:31 [main:43046] - [ INFO] Parsing configuration file [struts.xml]
2014-11-10 16:43:31 [main:43078] - [ INFO] Initializing Struts-Spring integration...
2014-11-10 16:43:31 [main:43079] - [ INFO] Setting autowire strategy to name
2014-11-10 16:43:31 [main:43079] - [ INFO] ... initialized Struts-Spring integration successfully
